C:\USERS\BAJTER\DOCUMENTS\VISUAL STUDIO 2012\PROJECTS\PWAG\PWAG\DEBUG\MAIN.OBJ
C:\USERS\BAJTER\DOCUMENTS\VISUAL STUDIO 2012\PROJECTS\PWAG\PWAG\DEBUG\VC110.PDB
C:\USERS\BAJTER\DOCUMENTS\VISUAL STUDIO 2012\PROJECTS\PWAG\PWAG\DEBUG\INPUTCLASS.OBJ
C:\USERS\BAJTER\DOCUMENTS\VISUAL STUDIO 2012\PROJECTS\PWAG\PWAG\DEBUG\GRAPHICSCLASS.OBJ
C:\USERS\BAJTER\DOCUMENTS\VISUAL STUDIO 2012\PROJECTS\PWAG\PWAG\DEBUG\D3DCLASS.OBJ
C:\USERS\BAJTER\DOCUMENTS\VISUAL STUDIO 2012\PROJECTS\PWAG\PWAG\DEBUG\SYSTEMCLASS.OBJ
D:\GITHUB\DX11_PROJECT\PWAG\PWAG\DEBUG\D3DCLASS.OBJ
D:\GITHUB\DX11_PROJECT\PWAG\PWAG\DEBUG\GRAPHICSCLASS.OBJ
D:\GITHUB\DX11_PROJECT\PWAG\PWAG\DEBUG\INPUTCLASS.OBJ
D:\GITHUB\DX11_PROJECT\PWAG\PWAG\DEBUG\MAIN.OBJ
D:\GITHUB\DX11_PROJECT\PWAG\PWAG\DEBUG\SYSTEMCLASS.OBJ
D:\GITHUB\DX11_PROJECT\PWAG\PWAG\DEBUG\VC110.PDB
C:\USERS\BAJTER\DOCUMENTS\VISUAL STUDIO 2012\PROJECTS\PWAG\DEBUG\DX11TUT.ILK
C:\USERS\BAJTER\DOCUMENTS\VISUAL STUDIO 2012\PROJECTS\PWAG\DEBUG\DX11TUT.EXE
C:\USERS\BAJTER\DOCUMENTS\VISUAL STUDIO 2012\PROJECTS\PWAG\DEBUG\DX11TUT.PDB
D:\GITHUB\DX11_PROJECT\PWAG\DEBUG\DX11TUT.ILK
D:\GITHUB\DX11_PROJECT\PWAG\DEBUG\DX11TUT.EXE
D:\GITHUB\DX11_PROJECT\PWAG\DEBUG\DX11TUT.PDB
D:\GitHub\DX11_project\PwAG\PwAG\Debug\D3DClass.obj
D:\GitHub\DX11_project\PwAG\PwAG\Debug\GraphicsClass.obj
D:\GitHub\DX11_project\PwAG\PwAG\Debug\InputClass.obj
D:\GitHub\DX11_project\PwAG\PwAG\Debug\Main.obj
D:\GitHub\DX11_project\PwAG\PwAG\Debug\SystemClass.obj
D:\GitHub\DX11_project\PwAG\PwAG\Debug\cl.command.1.tlog
D:\GitHub\DX11_project\PwAG\PwAG\Debug\CL.read.1.tlog
D:\GitHub\DX11_project\PwAG\PwAG\Debug\CL.write.1.tlog
D:\GitHub\DX11_project\PwAG\PwAG\Debug\link-cvtres.read.1.tlog
D:\GitHub\DX11_project\PwAG\PwAG\Debug\link-cvtres.write.1.tlog
D:\GitHub\DX11_project\PwAG\PwAG\Debug\link-rc.read.1.tlog
D:\GitHub\DX11_project\PwAG\PwAG\Debug\link-rc.write.1.tlog
D:\GitHub\DX11_project\PwAG\PwAG\Debug\link.12088-cvtres.read.1.tlog
D:\GitHub\DX11_project\PwAG\PwAG\Debug\link.12088-cvtres.write.1.tlog
D:\GitHub\DX11_project\PwAG\PwAG\Debug\link.12088-rc.read.1.tlog
D:\GitHub\DX11_project\PwAG\PwAG\Debug\link.12088-rc.write.1.tlog
D:\GitHub\DX11_project\PwAG\PwAG\Debug\link.12088.read.1.tlog
D:\GitHub\DX11_project\PwAG\PwAG\Debug\link.12088.write.1.tlog
D:\GitHub\DX11_project\PwAG\PwAG\Debug\link.command.1.tlog
D:\GitHub\DX11_project\PwAG\PwAG\Debug\link.read.1.tlog
D:\GitHub\DX11_project\PwAG\PwAG\Debug\link.write.1.tlog
D:\GitHub\DX11_project\PwAG\PwAG\Debug\vc110.idb
D:\GitHub\DX11_project\PwAG\PwAG\Debug\vc110.pdb
D:\GitHub\DX11_project\PwAG\Debug\DX11Tut.pdb
D:\GitHub\DX11_project\PwAG\Debug\DX11Tut.exe
D:\GitHub\DX11_project\PwAG\Debug\DX11Tut.ilk
